[debug] [2022-11-08T08:40:17.486Z] ----------------------------------------------------------------------
[debug] [2022-11-08T08:40:17.488Z] Command:       C:\Program Files\nodejs\node.exe C:\Users\Eliran Shemesh\AppData\Roaming\npm\node_modules\firebase-tools\lib\bin\firebase.js init hosting
[debug] [2022-11-08T08:40:17.489Z] CLI Version:   11.16.0
[debug] [2022-11-08T08:40:17.489Z] Platform:      win32
[debug] [2022-11-08T08:40:17.489Z] Node Version:  v14.18.0
[debug] [2022-11-08T08:40:17.489Z] Time:          Tue Nov 08 2022 10:40:17 GMT+0200 (Israel Standard Time)
[debug] [2022-11-08T08:40:17.490Z] ----------------------------------------------------------------------
[debug] 
[debug] [2022-11-08T08:40:17.552Z] > command requires scopes: ["email","openid","https://www.googleapis.com/auth/cloudplatformprojects.readonly","https://www.googleapis.com/auth/firebase","https://www.googleapis.com/auth/cloud-platform"]
[debug] [2022-11-08T08:40:17.552Z] > authorizing via signed-in user (piro27@gmail.com)
[info] 
     ######## #### ########  ######## ########     ###     ######  ########
     ##        ##  ##     ## ##       ##     ##  ##   ##  ##       ##
     ######    ##  ########  ######   ########  #########  ######  ######
     ##        ##  ##    ##  ##       ##     ## ##     ##       ## ##
     ##       #### ##     ## ######## ########  ##     ##  ######  ########

You're about to initialize a Firebase project in this directory:

  C:\Users\Eliran Shemesh\git\ynab

Before we get started, keep in mind:

  * You are initializing within an existing Firebase project directory

[info] 
=== Project Setup
[info] 
[info] First, let's associate this project directory with a Firebase project.
[info] You can create multiple project aliases by running firebase use --add, 
[info] but for now we'll just set up a default project.
[info] 
[debug] [2022-11-08T08:40:22.422Z] Using project from CLI flag: ynab-47641
[debug] [2022-11-08T08:40:22.424Z] >>> [apiv2][query] GET https://firebase.googleapis.com/v1beta1/projects/ynab-47641 [none]
[debug] [2022-11-08T08:40:22.730Z] <<< [apiv2][status] GET https://firebase.googleapis.com/v1beta1/projects/ynab-47641 200
[debug] [2022-11-08T08:40:22.730Z] <<< [apiv2][body] GET https://firebase.googleapis.com/v1beta1/projects/ynab-47641 {"projectId":"ynab-47641","projectNumber":"166507618318","displayName":"YNAB","name":"projects/ynab-47641","resources":{"hostingSite":"ynab-47641","storageBucket":"ynab-47641.appspot.com","locationId":"europe-west"},"state":"ACTIVE","etag":"1_ec71e51a-bfc5-40c6-9566-2859bb8c13c8"}
[info] i  Using project ynab-47641 (YNAB) 
[info] 
=== Hosting Setup
[info] 
[info] Your public directory is the folder (relative to your project directory) that
[info] will contain Hosting assets to be uploaded with firebase deploy. If you
[info] have a build process for your assets, use your build's output directory.
[info] 
[debug] [2022-11-08T08:42:23.944Z] ----------------------------------------------------------------------
[debug] [2022-11-08T08:42:23.946Z] Command:       C:\Program Files\nodejs\node.exe C:\Users\Eliran Shemesh\AppData\Roaming\npm\node_modules\firebase-tools\lib\bin\firebase.js deploy --except functions
[debug] [2022-11-08T08:42:23.946Z] CLI Version:   11.16.0
[debug] [2022-11-08T08:42:23.946Z] Platform:      win32
[debug] [2022-11-08T08:42:23.946Z] Node Version:  v14.18.0
[debug] [2022-11-08T08:42:23.947Z] Time:          Tue Nov 08 2022 10:42:23 GMT+0200 (Israel Standard Time)
[debug] [2022-11-08T08:42:23.947Z] ----------------------------------------------------------------------
[debug] 
[debug] [2022-11-08T08:42:24.001Z] > command requires scopes: ["email","openid","https://www.googleapis.com/auth/cloudplatformprojects.readonly","https://www.googleapis.com/auth/firebase","https://www.googleapis.com/auth/cloud-platform"]
[debug] [2022-11-08T08:42:24.001Z] > authorizing via signed-in user (piro27@gmail.com)
[debug] [2022-11-08T08:42:24.001Z] [iam] checking project ynab-47641 for permissions ["datastore.indexes.create","datastore.indexes.delete","datastore.indexes.list","datastore.indexes.update","firebase.projects.get","firebasehosting.sites.update","firebaserules.releases.create","firebaserules.releases.update","firebaserules.rulesets.create"]
[debug] [2022-11-08T08:42:24.003Z] >>> [apiv2][query] POST https://cloudresourcemanager.googleapis.com/v1/projects/ynab-47641:testIamPermissions [none]
[debug] [2022-11-08T08:42:24.003Z] >>> [apiv2][(partial)header] POST https://cloudresourcemanager.googleapis.com/v1/projects/ynab-47641:testIamPermissions x-goog-quota-user=projects/ynab-47641
[debug] [2022-11-08T08:42:24.003Z] >>> [apiv2][body] POST https://cloudresourcemanager.googleapis.com/v1/projects/ynab-47641:testIamPermissions {"permissions":["datastore.indexes.create","datastore.indexes.delete","datastore.indexes.list","datastore.indexes.update","firebase.projects.get","firebasehosting.sites.update","firebaserules.releases.create","firebaserules.releases.update","firebaserules.rulesets.create"]}
[debug] [2022-11-08T08:42:24.971Z] <<< [apiv2][status] POST https://cloudresourcemanager.googleapis.com/v1/projects/ynab-47641:testIamPermissions 200
[debug] [2022-11-08T08:42:24.971Z] <<< [apiv2][body] POST https://cloudresourcemanager.googleapis.com/v1/projects/ynab-47641:testIamPermissions {"permissions":["datastore.indexes.create","datastore.indexes.delete","datastore.indexes.list","datastore.indexes.update","firebase.projects.get","firebasehosting.sites.update","firebaserules.releases.create","firebaserules.releases.update","firebaserules.rulesets.create"]}
[debug] [2022-11-08T08:42:24.972Z] >>> [apiv2][query] GET https://firebase.googleapis.com/v1beta1/projects/ynab-47641 [none]
[debug] [2022-11-08T08:42:25.265Z] <<< [apiv2][status] GET https://firebase.googleapis.com/v1beta1/projects/ynab-47641 200
[debug] [2022-11-08T08:42:25.266Z] <<< [apiv2][body] GET https://firebase.googleapis.com/v1beta1/projects/ynab-47641 {"projectId":"ynab-47641","projectNumber":"166507618318","displayName":"YNAB","name":"projects/ynab-47641","resources":{"hostingSite":"ynab-47641","storageBucket":"ynab-47641.appspot.com","locationId":"europe-west"},"state":"ACTIVE","etag":"1_ec71e51a-bfc5-40c6-9566-2859bb8c13c8"}
[info] 
[info] === Deploying to 'ynab-47641'...
[info] 
[info] i  deploying storage, firestore, hosting 
[debug] [2022-11-08T08:42:25.268Z] >>> [apiv2][query] GET https://appengine.googleapis.com/v1/apps/ynab-47641 [none]
